#! /usr/share/iverilog-0.10.0/bin/vvp
:ivl_version "0.10.0 (devel)" "(v0_9_6)";
:ivl_delay_selection "TYPICAL";
:vpi_time_precision - 9;
:vpi_module "system";
:vpi_module "vhdl_sys";
:vpi_module "v2005_math";
:vpi_module "va_math";
:vpi_module "v2009";
S_0x22d5e70 .scope module, "Test" "Test" 2 7;
 .timescale -9 -9;
v0x22eacf0_0 .net "w1", 0 0, L_0x22eb4c0;  1 drivers
v0x22eadb0_0 .net "w2", 0 0, L_0x22eb5d0;  1 drivers
v0x22eae80_0 .net "w3", 0 0, L_0x22eb690;  1 drivers
v0x22eaf80_0 .net "w4", 0 0, L_0x22eb7e0;  1 drivers
v0x22eb050_0 .net "w5", 0 0, L_0x22eb8e0;  1 drivers
v0x22eb0f0_0 .net "w6", 0 0, L_0x22eb950;  1 drivers
v0x22eb1c0_0 .net "w7", 0 0, L_0x22eba50;  1 drivers
v0x22eb290_0 .var "x", 0 0;
v0x22eb360_0 .var "y", 0 0;
S_0x22d5ff0 .scope module, "Gates" "gates" 2 22, 3 2 0, S_0x22d5e70;
 .timescale -9 -9;
    .port_info 0 /INPUT 1 "a"
    .port_info 1 /INPUT 1 "b"
    .port_info 2 /OUTPUT 1 "c1"
    .port_info 3 /OUTPUT 1 "c2"
    .port_info 4 /OUTPUT 1 "c3"
    .port_info 5 /OUTPUT 1 "c4"
    .port_info 6 /OUTPUT 1 "c5"
    .port_info 7 /OUTPUT 1 "c6"
    .port_info 8 /OUTPUT 1 "c7"
L_0x22eb4c0 .functor AND 1, v0x22eb290_0, v0x22eb360_0, C4<1>, C4<1>;
L_0x22eb5d0 .functor OR 1, v0x22eb290_0, v0x22eb360_0, C4<0>, C4<0>;
L_0x22eb690 .functor NOT 1, v0x22eb290_0, C4<0>, C4<0>, C4<0>;
L_0x22eb7e0 .functor NAND 1, v0x22eb290_0, v0x22eb360_0, C4<1>, C4<1>;
L_0x22eb8e0 .functor NOR 1, v0x22eb290_0, v0x22eb360_0, C4<0>, C4<0>;
L_0x22eb950 .functor XOR 1, v0x22eb290_0, v0x22eb360_0, C4<0>, C4<0>;
L_0x22eba50 .functor XNOR 1, v0x22eb290_0, v0x22eb360_0, C4<0>, C4<0>;
v0x22d3850_0 .net "a", 0 0, v0x22eb290_0;  1 drivers
v0x22ea4e0_0 .net "b", 0 0, v0x22eb360_0;  1 drivers
v0x22ea5a0_0 .net "c1", 0 0, L_0x22eb4c0;  alias, 1 drivers
v0x22ea670_0 .net "c2", 0 0, L_0x22eb5d0;  alias, 1 drivers
v0x22ea730_0 .net "c3", 0 0, L_0x22eb690;  alias, 1 drivers
v0x22ea840_0 .net "c4", 0 0, L_0x22eb7e0;  alias, 1 drivers
v0x22ea900_0 .net "c5", 0 0, L_0x22eb8e0;  alias, 1 drivers
v0x22ea9c0_0 .net "c6", 0 0, L_0x22eb950;  alias, 1 drivers
v0x22eaa80_0 .net "c7", 0 0, L_0x22eba50;  alias, 1 drivers
    .scope S_0x22d5e70;
T_0 ;
    %vpi_call/w 2 38 "$dumpfile", "gates_wave.vcd" {0 0};
    %vpi_call/w 2 39 "$dumpvars", v0x22eacf0_0, v0x22eacf0_0, v0x22eadb0_0, v0x22eae80_0, v0x22eaf80_0, v0x22eb050_0, v0x22eb0f0_0, v0x22eb1c0_0, v0x22eb290_0, v0x22eb360_0 {0 0};
    %set/v v0x22eb290_0, 0, 1;
    %set/v v0x22eb360_0, 1, 1;
    %delay 10, 0;
    %set/v v0x22eb290_0, 1, 1;
    %set/v v0x22eb360_0, 0, 1;
    %delay 10, 0;
    %set/v v0x22eb290_0, 1, 1;
    %set/v v0x22eb360_0, 1, 1;
    %delay 10, 0;
    %set/v v0x22eb290_0, 0, 1;
    %set/v v0x22eb360_0, 0, 1;
    %delay 10, 0;
    %set/v v0x22eb290_0, 1, 1;
    %set/v v0x22eb360_0, 0, 1;
    %delay 10, 0;
    %set/v v0x22eb290_0, 1, 1;
    %set/v v0x22eb360_0, 1, 1;
    %delay 10, 0;
    %vpi_call/w 2 69 "$display", "Test complete" {0 0};
    %end;
    .thread T_0;
# The file index is used to find the file name in the following table.
:file_names 4;
    "N/A";
    "<interactive>";
    "testbench.v";
    "./gates.v";
