#! /usr/share/iverilog-0.10.0/bin/vvp
:ivl_version "0.10.0 (devel)" "(v0_9_6)";
:ivl_delay_selection "TYPICAL";
:vpi_time_precision + 0;
:vpi_module "system";
:vpi_module "vhdl_sys";
:vpi_module "v2005_math";
:vpi_module "va_math";
:vpi_module "v2009";
S_0x22ee950 .scope module, "mux_8x1_tb" "mux_8x1_tb" 2 8;
 .timescale 0 0;
v0x230a560_0 .var "in0", 0 0;
v0x230a620_0 .var "in1", 0 0;
v0x230a6f0_0 .var "in2", 0 0;
v0x230a7f0_0 .var "in3", 0 0;
v0x230a8c0_0 .var "in4", 0 0;
v0x230a960_0 .var "in5", 0 0;
v0x230aa30_0 .var "in6", 0 0;
v0x230ab00_0 .var "in7", 0 0;
v0x230abd0_0 .net "out", 0 0, v0x230a190_0;  1 drivers
v0x230ad30_0 .var "select", 2 0;
S_0x22eb830 .scope module, "mux_test" "mux_8x1" 2 23, 3 3 0, S_0x22ee950;
 .timescale 0 0;
    .port_info 0 /INPUT 3 "select"
    .port_info 1 /INPUT 1 "in0"
    .port_info 2 /INPUT 1 "in1"
    .port_info 3 /INPUT 1 "in2"
    .port_info 4 /INPUT 1 "in3"
    .port_info 5 /INPUT 1 "in4"
    .port_info 6 /INPUT 1 "in5"
    .port_info 7 /INPUT 1 "in6"
    .port_info 8 /INPUT 1 "in7"
    .port_info 9 /OUTPUT 1 "out"
v0x22eead0_0 .net "in0", 0 0, v0x230a560_0;  1 drivers
v0x2309bf0_0 .net "in1", 0 0, v0x230a620_0;  1 drivers
v0x2309cb0_0 .net "in2", 0 0, v0x230a6f0_0;  1 drivers
v0x2309d80_0 .net "in3", 0 0, v0x230a7f0_0;  1 drivers
v0x2309e40_0 .net "in4", 0 0, v0x230a8c0_0;  1 drivers
v0x2309f50_0 .net "in5", 0 0, v0x230a960_0;  1 drivers
v0x230a010_0 .net "in6", 0 0, v0x230aa30_0;  1 drivers
v0x230a0d0_0 .net "in7", 0 0, v0x230ab00_0;  1 drivers
v0x230a190_0 .var "out", 0 0;
v0x230a2e0_0 .net "select", 2 0, v0x230ad30_0;  1 drivers
E_0x22eee60/0 .event edge, v0x230a2e0_0, v0x22eead0_0, v0x2309bf0_0, v0x2309cb0_0;
E_0x22eee60/1 .event edge, v0x2309d80_0, v0x2309e40_0, v0x2309f50_0, v0x230a010_0;
E_0x22eee60/2 .event edge, v0x230a0d0_0;
E_0x22eee60 .event/or E_0x22eee60/0, E_0x22eee60/1, E_0x22eee60/2;
    .scope S_0x22eb830;
T_0 ;
    %wait E_0x22eee60;
    %load/v 8, v0x230a2e0_0, 3;
    %cmpi/u 8, 0, 3;
    %jmp/1 T_0.0, 6;
    %cmpi/u 8, 1, 3;
    %jmp/1 T_0.1, 6;
    %cmpi/u 8, 2, 3;
    %jmp/1 T_0.2, 6;
    %cmpi/u 8, 3, 3;
    %jmp/1 T_0.3, 6;
    %cmpi/u 8, 4, 3;
    %jmp/1 T_0.4, 6;
    %cmpi/u 8, 5, 3;
    %jmp/1 T_0.5, 6;
    %cmpi/u 8, 6, 3;
    %jmp/1 T_0.6, 6;
    %cmpi/u 8, 7, 3;
    %jmp/1 T_0.7, 6;
    %set/v v0x230a190_0, 0, 1;
    %jmp T_0.9;
T_0.0 ;
    %load/v 8, v0x22eead0_0, 1;
    %set/v v0x230a190_0, 8, 1;
    %jmp T_0.9;
T_0.1 ;
    %load/v 8, v0x2309bf0_0, 1;
    %set/v v0x230a190_0, 8, 1;
    %jmp T_0.9;
T_0.2 ;
    %load/v 8, v0x2309cb0_0, 1;
    %set/v v0x230a190_0, 8, 1;
    %jmp T_0.9;
T_0.3 ;
    %load/v 8, v0x2309d80_0, 1;
    %set/v v0x230a190_0, 8, 1;
    %jmp T_0.9;
T_0.4 ;
    %load/v 8, v0x2309e40_0, 1;
    %set/v v0x230a190_0, 8, 1;
    %jmp T_0.9;
T_0.5 ;
    %load/v 8, v0x2309f50_0, 1;
    %set/v v0x230a190_0, 8, 1;
    %jmp T_0.9;
T_0.6 ;
    %load/v 8, v0x230a010_0, 1;
    %set/v v0x230a190_0, 8, 1;
    %jmp T_0.9;
T_0.7 ;
    %load/v 8, v0x230a0d0_0, 1;
    %set/v v0x230a190_0, 8, 1;
    %jmp T_0.9;
T_0.9 ;
    %jmp T_0;
    .thread T_0, $push;
    .scope S_0x22ee950;
T_1 ;
    %set/v v0x230a560_0, 1, 1;
    %end;
    .thread T_1;
    .scope S_0x22ee950;
T_2 ;
    %set/v v0x230a620_0, 0, 1;
    %end;
    .thread T_2;
    .scope S_0x22ee950;
T_3 ;
    %set/v v0x230a6f0_0, 0, 1;
    %end;
    .thread T_3;
    .scope S_0x22ee950;
T_4 ;
    %set/v v0x230a7f0_0, 1, 1;
    %end;
    .thread T_4;
    .scope S_0x22ee950;
T_5 ;
    %set/v v0x230a8c0_0, 1, 1;
    %end;
    .thread T_5;
    .scope S_0x22ee950;
T_6 ;
    %set/v v0x230a960_0, 0, 1;
    %end;
    .thread T_6;
    .scope S_0x22ee950;
T_7 ;
    %set/v v0x230aa30_0, 1, 1;
    %end;
    .thread T_7;
    .scope S_0x22ee950;
T_8 ;
    %set/v v0x230ab00_0, 1, 1;
    %end;
    .thread T_8;
    .scope S_0x22ee950;
T_9 ;
    %vpi_call/w 2 42 "$dumpfile", "dump.vcd" {0 0};
    %vpi_call/w 2 43 "$dumpvars", 1'sb0, S_0x22eb830 {0 0};
    %vpi_call/w 2 45 "$monitor", "At time = %t, Output = %d", $time, v0x230abd0_0 {0 0};
    %set/v v0x230a560_0, 0, 1;
    %set/v v0x230a960_0, 1, 1;
    %set/v v0x230aa30_0, 0, 1;
    %set/v v0x230ab00_0, 0, 1;
    %movi 8, 5, 3;
    %set/v v0x230ad30_0, 8, 3;
    %delay 5, 0;
    %set/v v0x230a560_0, 0, 1;
    %set/v v0x230a620_0, 1, 1;
    %set/v v0x230a6f0_0, 1, 1;
    %set/v v0x230a7f0_0, 1, 1;
    %movi 8, 4, 3;
    %set/v v0x230ad30_0, 8, 3;
    %delay 5, 0;
    %set/v v0x230a560_0, 0, 1;
    %set/v v0x230a620_0, 1, 1;
    %set/v v0x230a6f0_0, 1, 1;
    %set/v v0x230ab00_0, 1, 1;
    %set/v v0x230ad30_0, 1, 3;
    %delay 5, 0;
    %set/v v0x230a560_0, 0, 1;
    %set/v v0x230a620_0, 0, 1;
    %set/v v0x230a6f0_0, 1, 1;
    %set/v v0x230a7f0_0, 1, 1;
    %movi 8, 6, 3;
    %set/v v0x230ad30_0, 8, 3;
    %delay 5, 0;
    %set/v v0x230a7f0_0, 0, 1;
    %set/v v0x230a8c0_0, 0, 1;
    %set/v v0x230a960_0, 1, 1;
    %set/v v0x230aa30_0, 1, 1;
    %set/v v0x230ab00_0, 0, 1;
    %movi 8, 1, 3;
    %set/v v0x230ad30_0, 8, 3;
    %delay 5, 0;
    %set/v v0x230ab00_0, 1, 1;
    %set/v v0x230a6f0_0, 0, 1;
    %set/v v0x230a8c0_0, 0, 1;
    %set/v v0x230a620_0, 1, 1;
    %set/v v0x230a7f0_0, 1, 1;
    %movi 8, 2, 3;
    %set/v v0x230ad30_0, 8, 3;
    %delay 5, 0;
    %end;
    .thread T_9;
# The file index is used to find the file name in the following table.
:file_names 4;
    "N/A";
    "<interactive>";
    "testbench.sv";
    "./8x1_mux.v";
