#! /usr/share/iverilog-0.10.0/bin/vvp
:ivl_version "0.10.0 (devel)" "(v0_9_6)";
:ivl_delay_selection "TYPICAL";
:vpi_time_precision + 0;
:vpi_module "system";
:vpi_module "vhdl_sys";
:vpi_module "v2005_math";
:vpi_module "va_math";
:vpi_module "v2009";
S_0x1862bd0 .scope module, "flip_flop_tb" "flip_flop_tb" 2 6;
 .timescale 0 0;
v0x18772f0_0 .var "D", 0 0;
v0x18773c0_0 .net "Q", 0 0, v0x18770e0_0;  1 drivers
v0x1877490_0 .var "clk", 0 0;
S_0x1862d50 .scope begin, "$ivl_for_loop0" "$ivl_for_loop0" 2 42, 2 42 0, S_0x1862bd0;
 .timescale 0 0;
v0x1861830_0 .var/2s "i", 31 0;
S_0x1876d40 .scope module, "test_flip_flop" "D_flip_flop" 2 14, 3 3 0, S_0x1862bd0;
 .timescale 0 0;
    .port_info 0 /INPUT 1 "D"
    .port_info 1 /INPUT 1 "clk"
    .port_info 2 /OUTPUT 1 "Q"
v0x1877000_0 .net "D", 0 0, v0x18772f0_0;  1 drivers
v0x18770e0_0 .var "Q", 0 0;
v0x18771a0_0 .net "clk", 0 0, v0x1877490_0;  1 drivers
E_0x1876f80 .event posedge, v0x18771a0_0;
    .scope S_0x1876d40;
T_0 ;
    %wait E_0x1876f80;
    %load/v 8, v0x1877000_0, 1;
    %pad 9, 0, 2;
    %cmpi/u 8, 1, 3;
    %jmp/0xz  T_0.0, 4;
    %ix/load 0, 1, 0;
    %assign/v0 v0x18770e0_0, 0, 1;
    %jmp T_0.1;
T_0.0 ;
    %load/v 8, v0x1877000_0, 1;
    %pad 9, 0, 1;
    %cmpi/u 8, 0, 2;
    %jmp/0xz  T_0.2, 4;
    %ix/load 0, 1, 0;
    %assign/v0 v0x18770e0_0, 0, 0;
    %jmp T_0.3;
T_0.2 ;
    %load/v 8, v0x18770e0_0, 1;
    %ix/load 0, 1, 0;
    %assign/v0 v0x18770e0_0, 0, 8;
T_0.3 ;
T_0.1 ;
    %jmp T_0;
    .thread T_0;
    .scope S_0x1862bd0;
T_1 ;
    %set/v v0x1877490_0, 0, 1;
T_1.0 ;
    %delay 10, 0;
    %load/v 8, v0x1877490_0, 1;
    %inv 8, 1;
    %set/v v0x1877490_0, 8, 1;
    %jmp T_1.0;
    %end;
    .thread T_1;
    .scope S_0x1862bd0;
T_2 ;
    %vpi_call/w 2 32 "$dumpfile", "dump.vcd" {0 0};
    %vpi_call/w 2 33 "$dumpvars", 1'sb0, S_0x1876d40 {0 0};
    %vpi_call/w 2 35 "$monitor", "[%0t] clk = %d D = %d Q = %d", $time, v0x1877490_0, v0x18772f0_0, v0x18773c0_0 {0 0};
    %end;
    .thread T_2;
    .scope S_0x1862bd0;
T_3 ;
    %set/v v0x18772f0_0, 0, 1;
    %fork t_1, S_0x1862d50;
    %jmp t_0;
    .scope S_0x1862d50;
t_1 ;
    %set/v v0x1861830_0, 0, 32;
T_3.0 ;
    %load/v 8, v0x1861830_0, 32;
    %cmpi/u 8, 25, 32;
    %inv 4, 1;
    %jmp/0xz T_3.1, 4;
    %delay 20, 0;
    %load/v 8, v0x18772f0_0, 1;
    %inv 8, 1;
    %set/v v0x18772f0_0, 8, 1;
    %ix/load 0, 1, 0;
    %load/vp0/s 8, v0x1861830_0, 32;
    %cast2 8, 8, 32;
    %set/v v0x1861830_0, 8, 32;
    %jmp T_3.0;
T_3.1 ;
    %end;
    .scope S_0x1862bd0;
t_0 %join;
    %end;
    .thread T_3;
    .scope S_0x1862bd0;
T_4 ;
    %delay 500, 0;
    %vpi_call/w 2 47 "$finish" {0 0};
    %end;
    .thread T_4;
# The file index is used to find the file name in the following table.
:file_names 4;
    "N/A";
    "<interactive>";
    "testbench.sv";
    "./d_flip_flop.v";
