#! /usr/share/iverilog-0.9.6/bin/vvp
:ivl_version "0.9.6 " "(v0_9_6)";
:vpi_time_precision + 0;
:vpi_module "system";
:vpi_module "v2005_math";
:vpi_module "va_math";
S_0x7e2f90 .scope module, "half_adder_tb" "half_adder_tb" 2 5;
 .timescale 0 0;
v0x7f44a0_0 .net "carry_out", 0 0, L_0x7f4900; 1 drivers
v0x7f4570_0 .var "in1", 0 0;
v0x7f4620_0 .var "in2", 0 0;
v0x7f46d0_0 .net "sum_out", 0 0, L_0x7f47b0; 1 drivers
S_0x7e3080 .scope module, "half_adder_inst" "half_adder" 2 12, 3 2, S_0x7e2f90;
 .timescale 0 0;
L_0x7f47b0 .functor XOR 1, v0x7f4570_0, v0x7f4620_0, C4<0>, C4<0>;
L_0x7f4900 .functor AND 1, v0x7f4570_0, v0x7f4620_0, C4<1>, C4<1>;
v0x7e3170_0 .net "a", 0 0, v0x7f4570_0; 1 drivers
v0x7f42b0_0 .net "b", 0 0, v0x7f4620_0; 1 drivers
v0x7f4350_0 .alias "carry", 0 0, v0x7f44a0_0;
v0x7f43f0_0 .alias "sum", 0 0, v0x7f46d0_0;
    .scope S_0x7e2f90;
T_0 ;
    %set/v v0x7f4570_0, 0, 1;
    %end;
    .thread T_0;
    .scope S_0x7e2f90;
T_1 ;
    %set/v v0x7f4620_0, 0, 1;
    %end;
    .thread T_1;
    .scope S_0x7e2f90;
T_2 ;
    %set/v v0x7f4570_0, 0, 1;
    %set/v v0x7f4620_0, 0, 1;
    %delay 10, 0;
    %set/v v0x7f4570_0, 0, 1;
    %set/v v0x7f4620_0, 1, 1;
    %delay 10, 0;
    %set/v v0x7f4570_0, 1, 1;
    %set/v v0x7f4620_0, 0, 1;
    %delay 10, 0;
    %set/v v0x7f4570_0, 1, 1;
    %set/v v0x7f4620_0, 1, 1;
    %delay 10, 0;
    %end;
    .thread T_2;
# The file index is used to find the file name in the following table.
:file_names 4;
    "N/A";
    "<interactive>";
    "testbench.sv";
    "./half_adder.v";
