

Veriwell version 2.8.7, 
Copyright (C) 1993-2008 Elliot Mednick and Mark Hummel

Veriwell comes with ABSOLUTELY NO WARRANTY; This is free
software, and you are welcome to redistribute it under the
terms of the GNU General Public License as published by
the Free Software Foundation; either version 2 of the License,
or (at your option) any later version. 

lxt  support compiled in
lxt2 support compiled in

Entering Phase I...
Compiling source file : design.sv
Compiling source file : testbench.sv
Compiling included source file 'half_substractor.v'
Continuing compilation of source file 'testbench.sv'

Entering Phase II...
Entering Phase III...
No errors in compilation
Top-level modules:
   half_sub_tb

At TIME(in ns)=                   5, a=1 b=1 Difference = 0 Borrow = 0
At TIME(in ns)=                  10, a=0 b=0 Difference = 0 Borrow = 0
At TIME(in ns)=                  15, a=0 b=1 Difference = 1 Borrow = 1
At TIME(in ns)=                  20, a=1 b=0 Difference = 1 Borrow = 0
At TIME(in ns)=                  25, a=1 b=1 Difference = 0 Borrow = 0
At TIME(in ns)=                  30, a=0 b=0 Difference = 0 Borrow = 0
At TIME(in ns)=                  35, a=0 b=1 Difference = 1 Borrow = 1
At TIME(in ns)=                  40, a=1 b=0 Difference = 1 Borrow = 0
At TIME(in ns)=                  45, a=1 b=1 Difference = 0 Borrow = 0
At TIME(in ns)=                  50, a=0 b=0 Difference = 0 Borrow = 0
At TIME(in ns)=                  55, a=0 b=1 Difference = 1 Borrow = 1
At TIME(in ns)=                  60, a=1 b=0 Difference = 1 Borrow = 0
At TIME(in ns)=                  65, a=1 b=1 Difference = 0 Borrow = 0
At TIME(in ns)=                  70, a=0 b=0 Difference = 0 Borrow = 0
At TIME(in ns)=                  75, a=0 b=1 Difference = 1 Borrow = 1
At TIME(in ns)=                  80, a=1 b=0 Difference = 1 Borrow = 0
At TIME(in ns)=                  85, a=1 b=1 Difference = 0 Borrow = 0
At TIME(in ns)=                  90, a=0 b=0 Difference = 0 Borrow = 0
At TIME(in ns)=                  95, a=0 b=1 Difference = 1 Borrow = 1
Exiting Veriwell at time 100
0 Errors, 0 Warnings, Compile time = 0.0, Load time = 0.0, Simulation time = 0.0

Normal exit
Thank you for using Veriwell
