#! /usr/share/iverilog-0.10.0/bin/vvp
:ivl_version "0.10.0 (devel)" "(v0_9_6)";
:ivl_delay_selection "TYPICAL";
:vpi_time_precision + 0;
:vpi_module "system";
:vpi_module "vhdl_sys";
:vpi_module "v2005_math";
:vpi_module "va_math";
:vpi_module "v2009";
S_0x1ba2950 .scope module, "encoder_tb" "encoder_tb" 2 6;
 .timescale 0 0;
v0x1bb6a60_0 .var "en", 0 0;
v0x1bb6b30_0 .var "in", 15 0;
v0x1bb6c00_0 .net "out", 3 0, v0x1bb68f0_0;  1 drivers
S_0x1b9e830 .scope module, "encoder_inst" "encoder" 2 13, 3 3 0, S_0x1ba2950;
 .timescale 0 0;
    .port_info 0 /OUTPUT 4 "out"
    .port_info 1 /INPUT 16 "input_16"
    .port_info 2 /INPUT 1 "enable"
v0x1b9ea50_0 .net "enable", 0 0, v0x1bb6a60_0;  1 drivers
v0x1bb6810_0 .net "input_16", 15 0, v0x1bb6b30_0;  1 drivers
v0x1bb68f0_0 .var "out", 3 0;
E_0x1ba2fd0 .event edge, v0x1bb6810_0, v0x1b9ea50_0;
    .scope S_0x1b9e830;
T_0 ;
    %wait E_0x1ba2fd0;
    %set/v v0x1bb68f0_0, 0, 4;
    %load/v 8, v0x1b9ea50_0, 1;
    %jmp/0xz  T_0.0, 8;
    %load/v 8, v0x1bb6810_0, 16;
    %cmpi/u 8, 2, 16;
    %jmp/1 T_0.2, 6;
    %cmpi/u 8, 4, 16;
    %jmp/1 T_0.3, 6;
    %cmpi/u 8, 8, 16;
    %jmp/1 T_0.4, 6;
    %cmpi/u 8, 16, 16;
    %jmp/1 T_0.5, 6;
    %cmpi/u 8, 32, 16;
    %jmp/1 T_0.6, 6;
    %cmpi/u 8, 64, 16;
    %jmp/1 T_0.7, 6;
    %cmpi/u 8, 128, 16;
    %jmp/1 T_0.8, 6;
    %cmpi/u 8, 256, 16;
    %jmp/1 T_0.9, 6;
    %cmpi/u 8, 512, 16;
    %jmp/1 T_0.10, 6;
    %cmpi/u 8, 1024, 16;
    %jmp/1 T_0.11, 6;
    %cmpi/u 8, 2048, 16;
    %jmp/1 T_0.12, 6;
    %cmpi/u 8, 4096, 16;
    %jmp/1 T_0.13, 6;
    %cmpi/u 8, 8192, 16;
    %jmp/1 T_0.14, 6;
    %cmpi/u 8, 16384, 16;
    %jmp/1 T_0.15, 6;
    %cmpi/u 8, 32768, 16;
    %jmp/1 T_0.16, 6;
    %set/v v0x1bb68f0_0, 0, 4;
    %jmp T_0.18;
T_0.2 ;
    %movi 8, 1, 4;
    %set/v v0x1bb68f0_0, 8, 4;
    %jmp T_0.18;
T_0.3 ;
    %movi 8, 2, 4;
    %set/v v0x1bb68f0_0, 8, 4;
    %jmp T_0.18;
T_0.4 ;
    %movi 8, 3, 4;
    %set/v v0x1bb68f0_0, 8, 4;
    %jmp T_0.18;
T_0.5 ;
    %movi 8, 4, 4;
    %set/v v0x1bb68f0_0, 8, 4;
    %jmp T_0.18;
T_0.6 ;
    %movi 8, 5, 4;
    %set/v v0x1bb68f0_0, 8, 4;
    %jmp T_0.18;
T_0.7 ;
    %movi 8, 6, 4;
    %set/v v0x1bb68f0_0, 8, 4;
    %jmp T_0.18;
T_0.8 ;
    %movi 8, 7, 4;
    %set/v v0x1bb68f0_0, 8, 4;
    %jmp T_0.18;
T_0.9 ;
    %movi 8, 8, 4;
    %set/v v0x1bb68f0_0, 8, 4;
    %jmp T_0.18;
T_0.10 ;
    %movi 8, 9, 4;
    %set/v v0x1bb68f0_0, 8, 4;
    %jmp T_0.18;
T_0.11 ;
    %movi 8, 10, 4;
    %set/v v0x1bb68f0_0, 8, 4;
    %jmp T_0.18;
T_0.12 ;
    %movi 8, 11, 4;
    %set/v v0x1bb68f0_0, 8, 4;
    %jmp T_0.18;
T_0.13 ;
    %movi 8, 12, 4;
    %set/v v0x1bb68f0_0, 8, 4;
    %jmp T_0.18;
T_0.14 ;
    %movi 8, 13, 4;
    %set/v v0x1bb68f0_0, 8, 4;
    %jmp T_0.18;
T_0.15 ;
    %movi 8, 14, 4;
    %set/v v0x1bb68f0_0, 8, 4;
    %jmp T_0.18;
T_0.16 ;
    %set/v v0x1bb68f0_0, 1, 4;
    %jmp T_0.18;
T_0.18 ;
T_0.0 ;
    %jmp T_0;
    .thread T_0, $push;
    .scope S_0x1ba2950;
T_1 ;
    %vpi_call/w 2 24 "$dumpfile", "gates_wave.vcd" {0 0};
    %vpi_call/w 2 25 "$dumpvars", 1'sb0, S_0x1b9e830 {0 0};
    %set/v v0x1bb6b30_0, 0, 16;
    %set/v v0x1bb6a60_0, 1, 1;
    %delay 10, 0;
    %movi 8, 8, 16;
    %set/v v0x1bb6b30_0, 8, 16;
    %set/v v0x1bb6a60_0, 1, 1;
    %delay 10, 0;
    %movi 8, 5, 16;
    %set/v v0x1bb6b30_0, 8, 16;
    %set/v v0x1bb6a60_0, 1, 1;
    %delay 10, 0;
    %movi 8, 528, 16;
    %set/v v0x1bb6b30_0, 8, 16;
    %set/v v0x1bb6a60_0, 1, 1;
    %delay 10, 0;
    %movi 8, 8224, 16;
    %set/v v0x1bb6b30_0, 8, 16;
    %set/v v0x1bb6a60_0, 1, 1;
    %delay 10, 0;
    %movi 8, 64, 16;
    %set/v v0x1bb6b30_0, 8, 16;
    %set/v v0x1bb6a60_0, 1, 1;
    %delay 10, 0;
    %movi 8, 1664, 16;
    %set/v v0x1bb6b30_0, 8, 16;
    %set/v v0x1bb6a60_0, 1, 1;
    %delay 10, 0;
    %end;
    .thread T_1;
# The file index is used to find the file name in the following table.
:file_names 4;
    "N/A";
    "<interactive>";
    "testbench.sv";
    "./encoder.v";
