#! /usr/share/iverilog-0.10.0/bin/vvp
:ivl_version "0.10.0 (devel)" "(v0_9_6)";
:ivl_delay_selection "TYPICAL";
:vpi_time_precision + 0;
:vpi_module "system";
:vpi_module "vhdl_sys";
:vpi_module "v2005_math";
:vpi_module "va_math";
:vpi_module "v2009";
S_0x2679200 .scope module, "tb_barrel_shifter" "tb_barrel_shifter" 2 7;
 .timescale 0 0;
v0x26b3df0_0 .var "d_in", 7 0;
v0x26b3eb0_0 .net "d_out", 7 0, L_0x26b5000;  1 drivers
v0x26b3f80_0 .var "n_bits", 2 0;
S_0x269a830 .scope module, "test_barrel_shifter" "barrel_shifter" 2 14, 3 3 0, S_0x2679200;
 .timescale 0 0;
    .port_info 0 /INPUT 8 "d_in"
    .port_info 1 /INPUT 3 "n_bits"
    .port_info 2 /OUTPUT 8 "d_out"
v0x269aa50_0 .net *"_s1", 0 0, L_0x26b4080;  1 drivers
v0x26b2df0_0 .net *"_s11", 0 0, L_0x26b45d0;  1 drivers
v0x26b2ed0_0 .net *"_s13", 1 0, L_0x26b46b0;  1 drivers
v0x26b2fc0_0 .net *"_s15", 5 0, L_0x26b47a0;  1 drivers
v0x26b30a0_0 .net *"_s16", 7 0, L_0x26b4890;  1 drivers
v0x26b31d0_0 .net *"_s21", 0 0, L_0x26b4b60;  1 drivers
v0x26b32b0_0 .net *"_s23", 3 0, L_0x26b4c90;  1 drivers
v0x26b3390_0 .net *"_s25", 3 0, L_0x26b4da0;  1 drivers
v0x26b3470_0 .net *"_s26", 7 0, L_0x26b4e40;  1 drivers
v0x26b35e0_0 .net *"_s3", 0 0, L_0x26b4150;  1 drivers
v0x26b36c0_0 .net *"_s5", 6 0, L_0x26b4240;  1 drivers
v0x26b37a0_0 .net *"_s6", 7 0, L_0x26b42e0;  1 drivers
v0x26b3880_0 .net "d_in", 7 0, v0x26b3df0_0;  1 drivers
v0x26b3960_0 .net "d_out", 7 0, L_0x26b5000;  alias, 1 drivers
v0x26b3a40_0 .net "n_bits", 2 0, v0x26b3f80_0;  1 drivers
v0x26b3b20_0 .net "tmp1", 7 0, L_0x26b4450;  1 drivers
v0x26b3c00_0 .net "tmp2", 7 0, L_0x26b49d0;  1 drivers
L_0x26b4080 .part v0x26b3f80_0, 0, 1;
L_0x26b4150 .part v0x26b3df0_0, 0, 1;
L_0x26b4240 .part v0x26b3df0_0, 1, 7;
L_0x26b42e0 .concat [ 7 1 0 0], L_0x26b4240, L_0x26b4150;
L_0x26b4450 .functor MUXZ 8, v0x26b3df0_0, L_0x26b42e0, L_0x26b4080, C4<>;
L_0x26b45d0 .part v0x26b3f80_0, 1, 1;
L_0x26b46b0 .part L_0x26b4450, 0, 2;
L_0x26b47a0 .part L_0x26b4450, 2, 6;
L_0x26b4890 .concat [ 6 2 0 0], L_0x26b47a0, L_0x26b46b0;
L_0x26b49d0 .functor MUXZ 8, L_0x26b4450, L_0x26b4890, L_0x26b45d0, C4<>;
L_0x26b4b60 .part v0x26b3f80_0, 2, 1;
L_0x26b4c90 .part L_0x26b49d0, 0, 4;
L_0x26b4da0 .part L_0x26b49d0, 4, 4;
L_0x26b4e40 .concat [ 4 4 0 0], L_0x26b4da0, L_0x26b4c90;
L_0x26b5000 .functor MUXZ 8, L_0x26b49d0, L_0x26b4e40, L_0x26b4b60, C4<>;
    .scope S_0x2679200;
T_0 ;
    %vpi_call/w 2 21 "$dumpfile", "dump.vcd" {0 0};
    %vpi_call/w 2 22 "$dumpvars", 1'sb0, S_0x269a830 {0 0};
    %vpi_call/w 2 23 "$monitor", "d_in = %b n_bits = %b d_out = %b", v0x26b3df0_0, v0x26b3f80_0, v0x26b3eb0_0 {0 0};
    %end;
    .thread T_0;
    .scope S_0x2679200;
T_1 ;
    %movi 8, 57, 8;
    %set/v v0x26b3df0_0, 8, 8;
    %movi 8, 5, 3;
    %set/v v0x26b3f80_0, 8, 3;
    %delay 10, 0;
    %movi 8, 2, 3;
    %set/v v0x26b3f80_0, 8, 3;
    %delay 10, 0;
    %movi 8, 3, 3;
    %set/v v0x26b3f80_0, 8, 3;
    %delay 10, 0;
    %movi 8, 6, 3;
    %set/v v0x26b3f80_0, 8, 3;
    %delay 10, 0;
    %set/v v0x26b3f80_0, 1, 3;
    %delay 10, 0;
    %movi 8, 69, 8;
    %set/v v0x26b3df0_0, 8, 8;
    %movi 8, 4, 3;
    %set/v v0x26b3f80_0, 8, 3;
    %delay 10, 0;
    %movi 8, 1, 3;
    %set/v v0x26b3f80_0, 8, 3;
    %delay 10, 0;
    %end;
    .thread T_1;
# The file index is used to find the file name in the following table.
:file_names 4;
    "N/A";
    "<interactive>";
    "testbench.sv";
    "./barrel_shifter.v";
