#! /usr/share/iverilog-0.10.0/bin/vvp
:ivl_version "0.10.0 (devel)" "(v0_9_6)";
:ivl_delay_selection "TYPICAL";
:vpi_time_precision + 0;
:vpi_module "system";
:vpi_module "vhdl_sys";
:vpi_module "v2005_math";
:vpi_module "va_math";
:vpi_module "v2009";
S_0x1a71d30 .scope module, "flip_flop_tb" "flip_flop_tb" 2 7;
 .timescale 0 0;
v0x1a873e0_0 .net "Q", 0 0, v0x1a70a70_0;  1 drivers
v0x1a874a0_0 .var "T", 0 0;
v0x1a87570_0 .var "clk", 0 0;
v0x1a87670_0 .var/i "i", 31 0;
v0x1a87710_0 .var "reset", 0 0;
S_0x1a70830 .scope module, "test_flip_flop" "T_flip_flop" 2 15, 3 3 0, S_0x1a71d30;
 .timescale 0 0;
    .port_info 0 /INPUT 1 "T"
    .port_info 1 /INPUT 1 "reset"
    .port_info 2 /INPUT 1 "clk"
    .port_info 3 /OUTPUT 1 "Q"
v0x1a70a70_0 .var "Q", 0 0;
v0x1a870e0_0 .net "T", 0 0, v0x1a874a0_0;  1 drivers
v0x1a871a0_0 .net "clk", 0 0, v0x1a87570_0;  1 drivers
v0x1a87270_0 .net "reset", 0 0, v0x1a87710_0;  1 drivers
E_0x1a724c0 .event posedge, v0x1a871a0_0;
    .scope S_0x1a70830;
T_0 ;
    %wait E_0x1a724c0;
    %load/v 8, v0x1a87270_0, 1;
    %inv 8, 1;
    %jmp/0xz  T_0.0, 8;
    %ix/load 0, 1, 0;
    %assign/v0 v0x1a70a70_0, 0, 0;
    %jmp T_0.1;
T_0.0 ;
    %load/v 8, v0x1a870e0_0, 1;
    %jmp/0xz  T_0.2, 8;
    %load/v 8, v0x1a70a70_0, 1;
    %inv 8, 1;
    %ix/load 0, 1, 0;
    %assign/v0 v0x1a70a70_0, 0, 8;
    %jmp T_0.3;
T_0.2 ;
    %load/v 8, v0x1a70a70_0, 1;
    %ix/load 0, 1, 0;
    %assign/v0 v0x1a70a70_0, 0, 8;
T_0.3 ;
T_0.1 ;
    %jmp T_0;
    .thread T_0;
    .scope S_0x1a71d30;
T_1 ;
    %set/v v0x1a87570_0, 0, 1;
T_1.0 ;
    %delay 10, 0;
    %load/v 8, v0x1a87570_0, 1;
    %inv 8, 1;
    %set/v v0x1a87570_0, 8, 1;
    %jmp T_1.0;
    %end;
    .thread T_1;
    .scope S_0x1a71d30;
T_2 ;
    %set/v v0x1a87710_0, 0, 1;
    %set/v v0x1a87670_0, 0, 32;
T_2.0 ;
    %load/v 8, v0x1a87670_0, 32;
    %cmpi/u 8, 10, 32;
    %inv 4, 1;
    %jmp/0xz T_2.1, 4;
    %delay 50, 0;
    %load/v 8, v0x1a87710_0, 1;
    %inv 8, 1;
    %set/v v0x1a87710_0, 8, 1;
    %ix/load 0, 1, 0;
    %load/vp0/s 8, v0x1a87670_0, 32;
    %set/v v0x1a87670_0, 8, 32;
    %jmp T_2.0;
T_2.1 ;
    %end;
    .thread T_2;
    .scope S_0x1a71d30;
T_3 ;
    %vpi_call/w 2 44 "$dumpfile", "dump.vcd" {0 0};
    %vpi_call/w 2 45 "$dumpvars", 1'sb0, S_0x1a70830 {0 0};
    %vpi_call/w 2 47 "$monitor", "[%0t] clk = %d T = %d Q = %d", $time, v0x1a87570_0, v0x1a874a0_0, v0x1a873e0_0 {0 0};
    %end;
    .thread T_3;
    .scope S_0x1a71d30;
T_4 ;
    %set/v v0x1a874a0_0, 0, 1;
    %set/v v0x1a87670_0, 0, 32;
T_4.0 ;
    %load/v 8, v0x1a87670_0, 32;
    %cmpi/u 8, 20, 32;
    %inv 4, 1;
    %jmp/0xz T_4.1, 4;
    %delay 25, 0;
    %load/v 8, v0x1a874a0_0, 1;
    %inv 8, 1;
    %set/v v0x1a874a0_0, 8, 1;
    %ix/load 0, 1, 0;
    %load/vp0/s 8, v0x1a87670_0, 32;
    %set/v v0x1a87670_0, 8, 32;
    %jmp T_4.0;
T_4.1 ;
    %end;
    .thread T_4;
    .scope S_0x1a71d30;
T_5 ;
    %delay 500, 0;
    %vpi_call/w 2 60 "$finish" {0 0};
    %end;
    .thread T_5;
# The file index is used to find the file name in the following table.
:file_names 4;
    "N/A";
    "<interactive>";
    "testbench.sv";
    "./t_flip_flop.v";
