#! /usr/share/iverilog-0.10.0/bin/vvp
:ivl_version "0.10.0 (devel)" "(v0_9_6)";
:ivl_delay_selection "TYPICAL";
:vpi_time_precision + 0;
:vpi_module "system";
:vpi_module "vhdl_sys";
:vpi_module "v2005_math";
:vpi_module "va_math";
:vpi_module "v2009";
S_0x116e100 .scope module, "flip_flop_tb" "flip_flop_tb" 2 6;
 .timescale 0 0;
v0x11851d0_0 .net "Q", 0 0, v0x116c830_0;  1 drivers
v0x1185290_0 .var "R", 0 0;
v0x1185360_0 .var "S", 0 0;
v0x1185460_0 .var "clk", 0 0;
S_0x116e280 .scope module, "test_flip_flop" "sr_flip_flop" 2 14, 3 1 0, S_0x116e100;
 .timescale 0 0;
    .port_info 0 /INPUT 1 "S"
    .port_info 1 /INPUT 1 "R"
    .port_info 2 /INPUT 1 "clk"
    .port_info 3 /OUTPUT 1 "Q"
v0x116c830_0 .var "Q", 0 0;
v0x1184ed0_0 .net "R", 0 0, v0x1185290_0;  1 drivers
v0x1184f90_0 .net "S", 0 0, v0x1185360_0;  1 drivers
v0x1185060_0 .net "clk", 0 0, v0x1185460_0;  1 drivers
E_0x1149700 .event posedge, v0x1185060_0;
    .scope S_0x116e280;
T_0 ;
    %wait E_0x1149700;
    %load/v 8, v0x1184f90_0, 1;
    %pad 9, 0, 2;
    %cmpi/u 8, 1, 3;
    %jmp/0xz  T_0.0, 4;
    %ix/load 0, 1, 0;
    %assign/v0 v0x116c830_0, 0, 1;
    %jmp T_0.1;
T_0.0 ;
    %load/v 8, v0x1184ed0_0, 1;
    %pad 9, 0, 2;
    %cmpi/u 8, 1, 3;
    %jmp/0xz  T_0.2, 4;
    %ix/load 0, 1, 0;
    %assign/v0 v0x116c830_0, 0, 0;
    %jmp T_0.3;
T_0.2 ;
    %load/v 8, v0x1184f90_0, 1;
    %pad 9, 0, 1;
    %cmpi/u 8, 0, 2;
    %mov 8, 4, 1;
    %load/v 9, v0x1184ed0_0, 1;
    %pad 10, 0, 1;
    %cmpi/u 9, 0, 2;
    %mov 9, 4, 1;
    %and 8, 9, 1;
    %jmp/0xz  T_0.4, 8;
    %load/v 8, v0x116c830_0, 1;
    %ix/load 0, 1, 0;
    %assign/v0 v0x116c830_0, 0, 8;
T_0.4 ;
T_0.3 ;
T_0.1 ;
    %jmp T_0;
    .thread T_0;
    .scope S_0x116e100;
T_1 ;
    %set/v v0x1185460_0, 0, 1;
T_1.0 ;
    %delay 10, 0;
    %load/v 8, v0x1185460_0, 1;
    %inv 8, 1;
    %set/v v0x1185460_0, 8, 1;
    %jmp T_1.0;
    %end;
    .thread T_1;
    .scope S_0x116e100;
T_2 ;
    %vpi_call/w 2 33 "$dumpfile", "dump.vcd" {0 0};
    %vpi_call/w 2 34 "$dumpvars", 1'sb0, S_0x116e280 {0 0};
    %vpi_call/w 2 36 "$monitor", "[%0t] clk = %d S = %d R = %d Q = %d", $time, v0x1185460_0, v0x1185360_0, v0x1185290_0, v0x11851d0_0 {0 0};
    %end;
    .thread T_2;
    .scope S_0x116e100;
T_3 ;
    %set/v v0x1185360_0, 1, 1;
    %set/v v0x1185290_0, 0, 1;
    %delay 50, 0;
    %set/v v0x1185360_0, 0, 1;
    %set/v v0x1185290_0, 1, 1;
    %delay 50, 0;
    %set/v v0x1185360_0, 0, 1;
    %set/v v0x1185290_0, 0, 1;
    %delay 50, 0;
    %set/v v0x1185360_0, 1, 1;
    %set/v v0x1185290_0, 1, 1;
    %delay 50, 0;
    %set/v v0x1185360_0, 0, 1;
    %set/v v0x1185290_0, 1, 1;
    %delay 50, 0;
    %set/v v0x1185360_0, 0, 1;
    %set/v v0x1185290_0, 0, 1;
    %delay 50, 0;
    %set/v v0x1185360_0, 1, 1;
    %set/v v0x1185290_0, 1, 1;
    %delay 50, 0;
    %set/v v0x1185360_0, 0, 1;
    %set/v v0x1185290_0, 1, 1;
    %delay 50, 0;
    %set/v v0x1185360_0, 0, 1;
    %set/v v0x1185290_0, 0, 1;
    %delay 50, 0;
    %set/v v0x1185360_0, 1, 1;
    %set/v v0x1185290_0, 1, 1;
    %end;
    .thread T_3;
    .scope S_0x116e100;
T_4 ;
    %delay 500, 0;
    %vpi_call/w 2 55 "$finish" {0 0};
    %end;
    .thread T_4;
# The file index is used to find the file name in the following table.
:file_names 4;
    "N/A";
    "<interactive>";
    "testbench.sv";
    "./sr_flip_flop.v";
