#! /usr/share/iverilog-0.10.0/bin/vvp
:ivl_version "0.10.0 (devel)" "(v0_9_6)";
:ivl_delay_selection "TYPICAL";
:vpi_time_precision + 0;
:vpi_module "system";
:vpi_module "vhdl_sys";
:vpi_module "v2005_math";
:vpi_module "va_math";
:vpi_module "v2009";
S_0x218da00 .scope module, "test_latch" "test_latch" 2 4;
 .timescale 0 0;
v0x21a1f90_0 .net "q", 0 0, L_0x21a2430;  1 drivers
v0x21a2050_0 .net "q_bar", 0 0, L_0x21a2600;  1 drivers
v0x21a2120_0 .var "r", 0 0;
v0x21a2220_0 .var "s", 0 0;
S_0x218db80 .scope module, "Latch_test" "SR_Latch" 2 10, 3 1 0, S_0x218da00;
 .timescale 0 0;
    .port_info 0 /OUTPUT 1 "Q"
    .port_info 1 /OUTPUT 1 "Q_bar"
    .port_info 2 /INPUT 1 "S"
    .port_info 3 /INPUT 1 "R"
L_0x21a22f0 .functor AND 1, v0x21a2120_0, L_0x21a2600, C4<1>, C4<1>;
L_0x21a2430 .functor NOT 1, L_0x21a22f0, C4<0>, C4<0>, C4<0>;
L_0x21a2540 .functor AND 1, v0x21a2220_0, L_0x21a2430, C4<1>, C4<1>;
L_0x21a2600 .functor NOT 1, L_0x21a2540, C4<0>, C4<0>, C4<0>;
v0x216abd0_0 .net "Q", 0 0, L_0x21a2430;  alias, 1 drivers
v0x21a1ab0_0 .net "Q_bar", 0 0, L_0x21a2600;  alias, 1 drivers
v0x21a1b70_0 .net "R", 0 0, v0x21a2120_0;  1 drivers
v0x21a1c40_0 .net "S", 0 0, v0x21a2220_0;  1 drivers
v0x21a1d00_0 .net *"_s0", 0 0, L_0x21a22f0;  1 drivers
v0x21a1e30_0 .net *"_s4", 0 0, L_0x21a2540;  1 drivers
    .scope S_0x218da00;
T_0 ;
    %vpi_call/w 2 23 "$monitor", $time, " S = %b, R = %b, Q = %b, Q_bar = %b", v0x21a2220_0, v0x21a2120_0, v0x21a1f90_0, v0x21a2050_0 {0 0};
    %vpi_call/w 2 24 "$dumpfile", "dump.vcd" {0 0};
    %vpi_call/w 2 25 "$dumpvars", v0x21a2220_0, v0x21a2220_0, v0x21a2120_0, v0x21a1f90_0, v0x21a2050_0 {0 0};
    %set/v v0x21a2220_0, 0, 1;
    %set/v v0x21a2120_0, 1, 1;
    %delay 5, 0;
    %set/v v0x21a2220_0, 1, 1;
    %set/v v0x21a2120_0, 0, 1;
    %delay 5, 0;
    %set/v v0x21a2220_0, 0, 1;
    %set/v v0x21a2120_0, 0, 1;
    %delay 5, 0;
    %set/v v0x21a2220_0, 0, 1;
    %set/v v0x21a2120_0, 1, 1;
    %delay 5, 0;
    %set/v v0x21a2220_0, 1, 1;
    %set/v v0x21a2120_0, 0, 1;
    %delay 5, 0;
    %set/v v0x21a2220_0, 1, 1;
    %set/v v0x21a2120_0, 1, 1;
    %delay 5, 0;
    %end;
    .thread T_0;
# The file index is used to find the file name in the following table.
:file_names 4;
    "N/A";
    "<interactive>";
    "testbench.sv";
    "./sr_latch.v";
